8.118857142857142435e+02 2.032653061224489761e+02
1.974857142857142946e+02 4.273469387755102389e+02
1.330285714285714391e+02 3.795918367346939135e+02
2.495999999999999943e+02 1.506122448979591866e+02
8.269714285714285325e+02 2.473469387755102105e+02
2.495999999999999943e+02 1.506122448979591866e+02
2.495999999999999943e+02 1.506122448979591866e+02
8.269714285714285325e+02 2.473469387755102105e+02
1.385142857142857054e+02 3.771428571428571672e+02
1.385142857142857054e+02 3.624489795918367463e+02
2.495999999999999943e+02 1.506122448979591866e+02
8.118857142857142435e+02 2.032653061224489761e+02
1.193142857142857167e+02 3.955102040816326507e+02
2.495999999999999943e+02 1.506122448979591866e+02
8.228571428571428896e+02 2.240816326530612344e+02
5.705142857142857338e+02 2.926530612244898180e+02
2.564571428571428555e+02 1.481632653061224403e+02
2.564571428571428555e+02 1.481632653061224403e+02
8.269714285714285325e+02 2.473469387755102105e+02
1.357714285714285722e+02 3.759183673469387941e+02
2.495999999999999943e+02 1.506122448979591866e+02
7.995428571428572013e+02 1.763265306122449090e+02
1.535999999999999943e+02 4.212244897959183731e+02
1.302857142857142776e+02 3.930612244897959044e+02
2.495999999999999943e+02 1.506122448979591866e+02
8.379428571428571786e+02 2.473469387755102105e+02
6.294857142857142662e+02 2.730612244897959044e+02
2.495999999999999943e+02 1.506122448979591866e+02
2.564571428571428555e+02 1.481632653061224403e+02
8.269714285714285325e+02 2.473469387755102105e+02
1.110857142857142890e+02 4.102040816326530717e+02
2.495999999999999943e+02 1.506122448979591866e+02
8.077714285714286007e+02 1.873469387755102105e+02
1.631999999999999886e+02 3.893877551020408418e+02
1.302857142857142776e+02 3.930612244897959044e+02
2.509714285714285609e+02 1.530612244897959329e+02
8.434285714285714448e+02 2.632653061224489761e+02
7.995428571428572013e+02 1.738775510204081627e+02
2.495999999999999943e+02 1.506122448979591866e+02
2.495999999999999943e+02 1.506122448979591866e+02
8.269714285714285325e+02 2.473469387755102105e+02
1.302857142857142776e+02 3.930612244897959044e+02
2.523428571428571558e+02 1.567346938775510239e+02
1.412571428571428669e+02 3.624489795918367463e+02
1.385142857142857054e+02 3.771428571428571672e+02
2.495999999999999943e+02 1.506122448979591866e+02
8.434285714285714448e+02 2.632653061224489761e+02
7.954285714285714448e+02 1.714285714285714448e+02
2.495999999999999943e+02 1.506122448979591866e+02
2.495999999999999943e+02 1.506122448979591866e+02
8.269714285714285325e+02 2.473469387755102105e+02
2.509714285714285609e+02 1.530612244897959329e+02
1.440000000000000000e+02 3.526530612244898180e+02
1.302857142857142776e+02 3.930612244897959044e+02
2.509714285714285609e+02 1.530612244897959329e+02
8.379428571428571786e+02 2.473469387755102105e+02
7.995428571428572013e+02 1.738775510204081627e+02
2.509714285714285609e+02 1.530612244897959329e+02
2.509714285714285609e+02 1.530612244897959329e+02
8.434285714285714448e+02 2.632653061224489761e+02
1.302857142857142776e+02 3.930612244897959044e+02
2.509714285714285609e+02 1.530612244897959329e+02
8.063999999999999773e+02 1.800000000000000000e+02
2.098285714285714221e+02 4.395918367346939135e+02
1.302857142857142776e+02 3.930612244897959044e+02
2.509714285714285609e+02 1.530612244897959329e+02
8.379428571428571786e+02 2.473469387755102105e+02
8.063999999999999773e+02 1.800000000000000000e+02
2.495999999999999943e+02 1.506122448979591866e+02
2.509714285714285609e+02 1.530612244897959329e+02
8.269714285714285325e+02 2.473469387755102105e+02
1.316571428571428442e+02 3.881632653061224687e+02
2.509714285714285609e+02 1.530612244897959329e+02
8.187428571428571331e+02 2.130612244897959329e+02
1.865142857142857054e+02 4.053061224489795791e+02
1.042285714285714278e+02 4.273469387755102389e+02
2.509714285714285609e+02 1.530612244897959329e+02
8.077714285714286007e+02 1.873469387755102105e+02
2.495999999999999943e+02 1.506122448979591866e+02
2.509714285714285609e+02 1.530612244897959329e+02
8.269714285714285325e+02 2.473469387755102105e+02
1.055999999999999943e+02 4.359183673469387941e+02
2.509714285714285609e+02 1.530612244897959329e+02
1.947428571428571331e+02 4.077551020408163254e+02
1.110857142857142890e+02 4.187755102040816269e+02
2.509714285714285609e+02 1.530612244897959329e+02
8.434285714285714448e+02 2.632653061224489761e+02
7.611428571428571104e+02 2.375510204081632821e+02
2.495999999999999943e+02 1.506122448979591866e+02
2.509714285714285609e+02 1.530612244897959329e+02
8.269714285714285325e+02 2.473469387755102105e+02
1.042285714285714278e+02 4.273469387755102389e+02
2.111999999999999886e+02 4.175510204081632537e+02
2.509714285714285609e+02 1.530612244897959329e+02
7.995428571428572013e+02 1.763265306122449090e+02
1.549714285714285609e+02 3.893877551020408418e+02
1.152000000000000028e+02 4.053061224489795791e+02
2.523428571428571558e+02 1.567346938775510239e+02
8.434285714285714448e+02 2.632653061224489761e+02
7.995428571428572013e+02 1.738775510204081627e+02
2.495999999999999943e+02 1.506122448979591866e+02
2.495999999999999943e+02 1.506122448979591866e+02
8.269714285714285325e+02 2.473469387755102105e+02
1.302857142857142776e+02 3.930612244897959044e+02
2.509714285714285609e+02 1.530612244897959329e+02
7.995428571428572013e+02 1.738775510204081627e+02
1.344000000000000057e+02 3.600000000000000000e+02
1.234285714285714306e+02 3.979591836734693970e+02
2.523428571428571558e+02 1.567346938775510239e+02
8.379428571428571786e+02 2.473469387755102105e+02
6.582857142857143344e+02 2.767346938775510239e+02
2.495999999999999943e+02 1.506122448979591866e+02
2.495999999999999943e+02 1.506122448979591866e+02
8.434285714285714448e+02 2.632653061224489761e+02
1.302857142857142776e+02 3.930612244897959044e+02
2.523428571428571558e+02 1.567346938775510239e+02
7.995428571428572013e+02 1.763265306122449090e+02
1.426285714285714334e+02 3.624489795918367463e+02
1.330285714285714391e+02 3.832653061224489761e+02
2.509714285714285609e+02 1.530612244897959329e+02
8.379428571428571786e+02 2.473469387755102105e+02
8.077714285714286007e+02 1.983673469387755119e+02
2.495999999999999943e+02 1.506122448979591866e+02
8.269714285714285325e+02 2.473469387755102105e+02
1.316571428571428442e+02 3.881632653061224687e+02
1.357714285714285722e+02 3.685714285714285552e+02
2.523428571428571558e+02 1.567346938775510239e+02
7.995428571428572013e+02 1.738775510204081627e+02
1.604571428571428555e+02 4.004081632653061433e+02
1.330285714285714391e+02 3.734693877551020478e+02
2.509714285714285609e+02 1.530612244897959329e+02
8.379428571428571786e+02 2.473469387755102105e+02
7.309714285714285325e+02 2.338775510204081627e+02
2.495999999999999943e+02 1.506122448979591866e+02
2.495999999999999943e+02 1.506122448979591866e+02
8.379428571428571786e+02 2.473469387755102105e+02
1.316571428571428442e+02 3.881632653061224687e+02
1.371428571428571388e+02 4.297959183673469283e+02
2.523428571428571558e+02 1.567346938775510239e+02
7.995428571428572013e+02 1.738775510204081627e+02
1.673142857142857167e+02 3.955102040816326507e+02
1.357714285714285722e+02 3.783673469387755404e+02
2.495999999999999943e+02 1.469387755102040956e+02
8.379428571428571786e+02 2.473469387755102105e+02
7.954285714285714448e+02 1.714285714285714448e+02
2.495999999999999943e+02 1.506122448979591866e+02
2.495999999999999943e+02 1.506122448979591866e+02
8.091428571428571104e+02 2.142857142857142776e+02
1.330285714285714391e+02 3.832653061224489761e+02
1.247999999999999972e+02 3.893877551020408418e+02
2.509714285714285609e+02 1.530612244897959329e+02
7.954285714285714448e+02 1.714285714285714448e+02
1.686857142857142833e+02 4.273469387755102389e+02
1.302857142857142776e+02 3.930612244897959044e+02
8.434285714285714448e+02 2.632653061224489761e+02
7.954285714285714448e+02 1.714285714285714448e+02
2.495999999999999943e+02 1.506122448979591866e+02
2.495999999999999943e+02 1.506122448979591866e+02
8.269714285714285325e+02 2.473469387755102105e+02
1.398857142857143003e+02 3.844897959183673493e+02
2.495999999999999943e+02 1.506122448979591866e+02
7.954285714285714448e+02 1.677551020408163254e+02
1.659428571428571502e+02 3.930612244897959044e+02
1.344000000000000057e+02 3.857142857142857224e+02
2.509714285714285609e+02 1.530612244897959329e+02
8.269714285714285325e+02 2.473469387755102105e+02
6.706285714285714903e+02 2.485714285714285836e+02
2.495999999999999943e+02 1.506122448979591866e+02
8.269714285714285325e+02 2.473469387755102105e+02
1.316571428571428442e+02 3.881632653061224687e+02
1.412571428571428669e+02 3.734693877551020478e+02
2.495999999999999943e+02 1.506122448979591866e+02
8.063999999999999773e+02 1.800000000000000000e+02
2.029714285714285609e+02 4.310204081632653015e+02
1.069714285714285751e+02 4.138775510204081911e+02
2.509714285714285609e+02 1.530612244897959329e+02
8.434285714285714448e+02 2.632653061224489761e+02
2.495999999999999943e+02 1.506122448979591866e+02
2.495999999999999943e+02 1.506122448979591866e+02
8.269714285714285325e+02 2.473469387755102105e+02
1.357714285714285722e+02 3.783673469387755404e+02
2.509714285714285609e+02 1.530612244897959329e+02
8.063999999999999773e+02 1.800000000000000000e+02
2.166857142857142833e+02 4.371428571428571672e+02
1.152000000000000028e+02 4.089795918367346985e+02
2.509714285714285609e+02 1.530612244897959329e+02
8.434285714285714448e+02 2.632653061224489761e+02
6.816000000000000227e+02 2.387755102040816269e+02
2.509714285714285609e+02 1.530612244897959329e+02
8.269714285714285325e+02 2.473469387755102105e+02
1.330285714285714391e+02 3.832653061224489761e+02
1.481142857142857281e+02 4.248979591836734926e+02
2.523428571428571558e+02 1.567346938775510239e+02
7.954285714285714448e+02 1.714285714285714448e+02
1.412571428571428669e+02 3.685714285714285552e+02
2.509714285714285609e+02 1.530612244897959329e+02
8.379428571428571786e+02 2.473469387755102105e+02
7.995428571428572013e+02 1.738775510204081627e+02
2.509714285714285609e+02 1.530612244897959329e+02
8.269714285714285325e+02 2.473469387755102105e+02
1.275428571428571445e+02 3.918367346938775881e+02
1.645714285714285836e+02 4.175510204081632537e+02
2.509714285714285609e+02 1.530612244897959329e+02
7.995428571428572013e+02 1.738775510204081627e+02
2.098285714285714221e+02 4.346938775510204209e+02
1.138285714285714363e+02 4.040816326530612059e+02
2.509714285714285609e+02 1.530612244897959329e+02
8.324571428571429124e+02 2.363265306122449090e+02
7.995428571428572013e+02 1.738775510204081627e+02
2.509714285714285609e+02 1.530612244897959329e+02
2.495999999999999943e+02 1.506122448979591866e+02
8.228571428571428896e+02 2.240816326530612344e+02
1.344000000000000057e+02 3.808163265306122298e+02
2.509714285714285609e+02 1.530612244897959329e+02
7.995428571428572013e+02 1.738775510204081627e+02
1.247999999999999972e+02 4.236734693877551194e+02
1.316571428571428442e+02 3.857142857142857224e+02
7.995428571428572013e+02 1.763265306122449090e+02
2.495999999999999943e+02 1.506122448979591866e+02
2.495999999999999943e+02 1.506122448979591866e+02
8.269714285714285325e+02 2.473469387755102105e+02
1.316571428571428442e+02 3.881632653061224687e+02
1.535999999999999943e+02 4.016326530612245165e+02
2.509714285714285609e+02 1.530612244897959329e+02
8.063999999999999773e+02 1.800000000000000000e+02
1.892571428571428669e+02 4.175510204081632537e+02
1.302857142857142776e+02 3.930612244897959044e+02
2.495999999999999943e+02 1.506122448979591866e+02
8.379428571428571786e+02 2.473469387755102105e+02
7.954285714285714448e+02 1.714285714285714448e+02
2.495999999999999943e+02 1.506122448979591866e+02
2.495999999999999943e+02 1.506122448979591866e+02
8.269714285714285325e+02 2.473469387755102105e+02
1.234285714285714306e+02 3.979591836734693970e+02
1.741714285714285779e+02 4.089795918367346985e+02
2.509714285714285609e+02 1.530612244897959329e+02
1.302857142857142776e+02 3.930612244897959044e+02
2.495999999999999943e+02 1.506122448979591866e+02
8.379428571428571786e+02 2.473469387755102105e+02
2.495999999999999943e+02 1.506122448979591866e+02
2.509714285714285609e+02 1.530612244897959329e+02
8.269714285714285325e+02 2.473469387755102105e+02
1.234285714285714306e+02 3.979591836734693970e+02
2.509714285714285609e+02 1.530612244897959329e+02
1.426285714285714334e+02 4.053061224489795791e+02
1.302857142857142776e+02 3.930612244897959044e+02
2.509714285714285609e+02 1.530612244897959329e+02
8.379428571428571786e+02 2.473469387755102105e+02
6.816000000000000227e+02 2.387755102040816269e+02
2.495999999999999943e+02 1.469387755102040956e+02
8.228571428571428896e+02 2.240816326530612344e+02
1.302857142857142776e+02 3.930612244897959044e+02
1.535999999999999943e+02 3.979591836734693970e+02
2.509714285714285609e+02 1.530612244897959329e+02
7.995428571428572013e+02 1.738775510204081627e+02
1.769142857142857110e+02 4.187755102040816269e+02
1.344000000000000057e+02 3.820408163265306030e+02
2.523428571428571558e+02 1.567346938775510239e+02
8.434285714285714448e+02 2.632653061224489761e+02
6.706285714285714903e+02 2.485714285714285836e+02
2.495999999999999943e+02 1.506122448979591866e+02
2.495999999999999943e+02 1.506122448979591866e+02
8.269714285714285325e+02 2.473469387755102105e+02
1.247999999999999972e+02 4.089795918367346985e+02
2.495999999999999943e+02 1.506122448979591866e+02
7.995428571428572013e+02 1.763265306122449090e+02
2.221714285714285779e+02 4.248979591836734926e+02
1.124571428571428555e+02 4.102040816326530717e+02
2.509714285714285609e+02 1.530612244897959329e+02
8.228571428571428896e+02 2.240816326530612344e+02
7.995428571428572013e+02 1.738775510204081627e+02
2.495999999999999943e+02 1.506122448979591866e+02
2.495999999999999943e+02 1.469387755102040956e+02
8.269714285714285325e+02 2.473469387755102105e+02
1.083428571428571416e+02 4.236734693877551194e+02
2.495999999999999943e+02 1.481632653061224403e+02
8.077714285714286007e+02 1.873469387755102105e+02
1.947428571428571331e+02 4.383673469387755404e+02
1.083428571428571416e+02 4.395918367346939135e+02
2.509714285714285609e+02 1.530612244897959329e+02
8.434285714285714448e+02 2.632653061224489761e+02
7.117714285714286007e+02 2.755102040816326507e+02
2.495999999999999943e+02 1.469387755102040956e+02
2.509714285714285609e+02 1.530612244897959329e+02
8.269714285714285325e+02 2.473469387755102105e+02
1.055999999999999943e+02 4.432653061224489761e+02
1.961142857142857281e+02 4.175510204081632537e+02
2.509714285714285609e+02 1.530612244897959329e+02
8.118857142857142435e+02 2.032653061224489761e+02
1.906285714285714334e+02 4.432653061224489761e+02
1.110857142857142890e+02 4.481632653061224687e+02
2.537142857142857224e+02 1.444897959183673493e+02
2.537142857142857224e+02 1.408163265306122582e+02
8.269714285714285325e+02 2.473469387755102105e+02
2.537142857142857224e+02 1.444897959183673493e+02
2.537142857142857224e+02 1.444897959183673493e+02
8.269714285714285325e+02 2.473469387755102105e+02
1.179428571428571502e+02 4.604081632653061433e+02
2.495999999999999943e+02 1.469387755102040956e+02
2.537142857142857224e+02 1.408163265306122582e+02
7.954285714285714448e+02 1.714285714285714448e+02
1.398857142857143003e+02 3.600000000000000000e+02
1.069714285714285751e+02 4.175510204081632537e+02
2.495999999999999943e+02 1.469387755102040956e+02
2.537142857142857224e+02 1.444897959183673493e+02
8.434285714285714448e+02 2.632653061224489761e+02
2.537142857142857224e+02 1.444897959183673493e+02
2.495999999999999943e+02 1.469387755102040956e+02
8.269714285714285325e+02 2.473469387755102105e+02
1.055999999999999943e+02 4.346938775510204209e+02
1.645714285714285836e+02 4.077551020408163254e+02
2.495999999999999943e+02 1.469387755102040956e+02
2.537142857142857224e+02 1.408163265306122582e+02
2.495999999999999943e+02 1.469387755102040956e+02
1.426285714285714334e+02 3.697959183673469283e+02
1.302857142857142776e+02 3.930612244897959044e+02
2.495999999999999943e+02 1.469387755102040956e+02
2.537142857142857224e+02 1.444897959183673493e+02
8.269714285714285325e+02 2.473469387755102105e+02
7.995428571428572013e+02 1.738775510204081627e+02
2.495999999999999943e+02 1.469387755102040956e+02
2.537142857142857224e+02 1.444897959183673493e+02
8.269714285714285325e+02 2.473469387755102105e+02
1.234285714285714306e+02 3.979591836734693970e+02
1.398857142857143003e+02 3.673469387755102389e+02
2.495999999999999943e+02 1.506122448979591866e+02
2.537142857142857224e+02 1.444897959183673493e+02
7.995428571428572013e+02 1.763265306122449090e+02
2.249142857142857110e+02 4.175510204081632537e+02
1.193142857142857167e+02 4.028571428571428896e+02
2.537142857142857224e+02 1.444897959183673493e+02
8.228571428571428896e+02 2.240816326530612344e+02
2.537142857142857224e+02 1.444897959183673493e+02
2.537142857142857224e+02 1.444897959183673493e+02
8.269714285714285325e+02 2.473469387755102105e+02
1.069714285714285751e+02 4.224489795918367463e+02
2.495999999999999943e+02 1.469387755102040956e+02
2.495999999999999943e+02 1.469387755102040956e+02
2.537142857142857224e+02 1.444897959183673493e+02
2.235428571428571445e+02 4.224489795918367463e+02
1.014857142857142804e+02 4.224489795918367463e+02
2.495999999999999943e+02 1.469387755102040956e+02
2.537142857142857224e+02 1.444897959183673493e+02
8.379428571428571786e+02 2.473469387755102105e+02
8.063999999999999773e+02 1.800000000000000000e+02
2.537142857142857224e+02 1.444897959183673493e+02
2.495999999999999943e+02 1.469387755102040956e+02
8.269714285714285325e+02 2.473469387755102105e+02
1.069714285714285751e+02 4.175510204081632537e+02
2.537142857142857224e+02 1.444897959183673493e+02
2.495999999999999943e+02 1.469387755102040956e+02
2.537142857142857224e+02 1.444897959183673493e+02
7.995428571428572013e+02 1.738775510204081627e+02
1.110857142857142890e+02 4.114285714285714448e+02
8.269714285714285325e+02 2.473469387755102105e+02
7.954285714285714448e+02 1.714285714285714448e+02
2.537142857142857224e+02 1.444897959183673493e+02
2.537142857142857224e+02 1.444897959183673493e+02
8.269714285714285325e+02 2.473469387755102105e+02
1.247999999999999972e+02 4.089795918367346985e+02
2.495999999999999943e+02 1.469387755102040956e+02
2.495999999999999943e+02 1.469387755102040956e+02
2.537142857142857224e+02 1.408163265306122582e+02
2.564571428571428555e+02 1.334693877551020478e+02
7.995428571428572013e+02 1.763265306122449090e+02
2.111999999999999886e+02 4.016326530612245165e+02
1.138285714285714363e+02 4.065306122448979522e+02
2.537142857142857224e+02 1.444897959183673493e+02
8.269714285714285325e+02 2.473469387755102105e+02
2.537142857142857224e+02 1.444897959183673493e+02
8.269714285714285325e+02 2.473469387755102105e+02
1.302857142857142776e+02 3.930612244897959044e+02
1.618285714285714221e+02 3.979591836734693970e+02
2.537142857142857224e+02 1.444897959183673493e+02
2.495999999999999943e+02 1.469387755102040956e+02
2.537142857142857224e+02 1.408163265306122582e+02
2.550857142857142890e+02 1.371428571428571388e+02
1.371428571428571388e+02 3.746938775510204209e+02
1.083428571428571416e+02 4.236734693877551194e+02
8.269714285714285325e+02 2.473469387755102105e+02
7.995428571428572013e+02 1.738775510204081627e+02
2.537142857142857224e+02 1.444897959183673493e+02
2.537142857142857224e+02 1.444897959183673493e+02
8.228571428571428896e+02 2.240816326530612344e+02
1.069714285714285751e+02 4.175510204081632537e+02
1.988571428571428612e+02 4.077551020408163254e+02
2.495999999999999943e+02 1.469387755102040956e+02
2.495999999999999943e+02 1.371428571428571388e+02
2.564571428571428555e+02 1.334693877551020478e+02
7.995428571428572013e+02 1.738775510204081627e+02
2.413714285714285666e+02 4.261224489795918657e+02
1.042285714285714278e+02 4.273469387755102389e+02
8.379428571428571786e+02 2.473469387755102105e+02
7.076571428571428442e+02 2.375510204081632821e+02
2.537142857142857224e+02 1.444897959183673493e+02
2.537142857142857224e+02 1.444897959183673493e+02
8.269714285714285325e+02 2.473469387755102105e+02
1.042285714285714278e+02 4.273469387755102389e+02
2.495999999999999943e+02 1.469387755102040956e+02
2.495999999999999943e+02 1.469387755102040956e+02
2.537142857142857224e+02 1.408163265306122582e+02
2.564571428571428555e+02 1.310204081632653015e+02
7.954285714285714448e+02 1.714285714285714448e+02
2.057142857142857224e+02 4.016326530612245165e+02
1.110857142857142890e+02 4.175510204081632537e+02
8.228571428571428896e+02 2.240816326530612344e+02
7.995428571428572013e+02 1.763265306122449090e+02
2.537142857142857224e+02 1.444897959183673493e+02
2.537142857142857224e+02 1.444897959183673493e+02
8.228571428571428896e+02 2.240816326530612344e+02
1.083428571428571416e+02 4.236734693877551194e+02
2.537142857142857224e+02 1.444897959183673493e+02
2.537142857142857224e+02 1.444897959183673493e+02
2.537142857142857224e+02 1.408163265306122582e+02
2.537142857142857224e+02 1.346938775510204209e+02
1.083428571428571416e+02 4.236734693877551194e+02
8.228571428571428896e+02 2.240816326530612344e+02
8.077714285714286007e+02 1.873469387755102105e+02
2.537142857142857224e+02 1.444897959183673493e+02
2.537142857142857224e+02 1.444897959183673493e+02
8.269714285714285325e+02 2.473469387755102105e+02
2.537142857142857224e+02 1.444897959183673493e+02
1.042285714285714278e+02 4.273469387755102389e+02
2.454857142857142946e+02 4.322448979591836746e+02
2.495999999999999943e+02 1.469387755102040956e+02
2.495999999999999943e+02 1.469387755102040956e+02
2.537142857142857224e+02 1.408163265306122582e+02
2.564571428571428555e+02 1.310204081632653015e+02
2.070857142857142890e+02 4.236734693877551194e+02
1.014857142857142804e+02 4.432653061224489761e+02
8.269714285714285325e+02 2.473469387755102105e+02
2.537142857142857224e+02 1.408163265306122582e+02
2.537142857142857224e+02 1.408163265306122582e+02
8.228571428571428896e+02 2.240816326530612344e+02
2.537142857142857224e+02 1.444897959183673493e+02
1.110857142857142890e+02 4.444897959183673493e+02
2.537142857142857224e+02 1.444897959183673493e+02
2.537142857142857224e+02 1.444897959183673493e+02
2.495999999999999943e+02 1.371428571428571388e+02
2.537142857142857224e+02 1.408163265306122582e+02
7.995428571428572013e+02 1.738775510204081627e+02
1.796571428571428726e+02 4.383673469387755404e+02
1.179428571428571502e+02 4.604081632653061433e+02
2.537142857142857224e+02 1.408163265306122582e+02
2.537142857142857224e+02 1.408163265306122582e+02
8.269714285714285325e+02 2.473469387755102105e+02
2.537142857142857224e+02 1.408163265306122582e+02
1.083428571428571416e+02 4.591836734693877702e+02
2.427428571428571331e+02 4.408163265306122298e+02
2.537142857142857224e+02 1.408163265306122582e+02
2.537142857142857224e+02 1.408163265306122582e+02
2.550857142857142890e+02 1.371428571428571388e+02
2.550857142857142890e+02 1.346938775510204209e+02
